TN:
SF:/home/denis/FAC/4week/week4_espionageProject/src/citySearch.js
FN:4,(anonymous_0)
FN:6,(anonymous_1)
FN:13,(anonymous_2)
FN:14,(anonymous_3)
FN:22,(anonymous_4)
FN:33,(anonymous_5)
FN:34,(anonymous_6)
FNF:7
FNH:7
FNDA:2,(anonymous_0)
FNDA:10,(anonymous_1)
FNDA:4,(anonymous_2)
FNDA:11,(anonymous_3)
FNDA:5,(anonymous_4)
FNDA:4,(anonymous_5)
FNDA:27,(anonymous_6)
DA:1,1
DA:2,1
DA:4,1
DA:5,2
DA:6,10
DA:7,2
DA:8,2
DA:9,2
DA:10,2
DA:13,1
DA:14,4
DA:15,11
DA:16,10
DA:18,11
DA:22,1
DA:23,5
DA:24,5
DA:25,5
DA:26,127311
DA:27,29
DA:30,5
DA:33,1
DA:34,4
DA:35,27
DA:39,1
LF:25
LH:25
BRDA:4,0,0,1
BRDA:13,1,0,4
BRDA:15,2,0,10
BRDA:15,2,1,1
BRDA:26,3,0,29
BRDA:26,3,1,127282
BRF:6
BRH:6
end_of_record
TN:
SF:/home/denis/FAC/4week/week4_espionageProject/tests/tests.js
FN:4,(anonymous_0)
FN:9,(anonymous_1)
FN:23,(anonymous_2)
FN:29,(anonymous_3)
FN:43,(anonymous_4)
FNF:5
FNH:5
FNDA:1,(anonymous_0)
FNDA:1,(anonymous_1)
FNDA:1,(anonymous_2)
FNDA:1,(anonymous_3)
FNDA:1,(anonymous_4)
DA:1,1
DA:2,1
DA:4,1
DA:5,1
DA:6,1
DA:9,1
DA:10,1
DA:11,1
DA:12,1
DA:20,1
DA:23,1
DA:24,1
DA:25,1
DA:26,1
DA:29,1
DA:30,1
DA:31,1
DA:32,1
DA:38,1
DA:39,1
DA:40,1
DA:43,1
DA:44,1
DA:45,1
DA:46,1
DA:49,1
DA:106,1
DA:121,1
DA:136,1
DA:144,1
DA:152,1
LF:31
LH:31
BRF:0
BRH:0
end_of_record
